{"C:\\Users\\sasha\\Documents\\code\\Week5\\Cheese-Board\\db\\db.js": {"path":"C:\\Users\\sasha\\Documents\\code\\Week5\\Cheese-Board\\db\\db.js","statementMap":{"0":{"start":{"line":1,"column":20},"end":{"line":1,"column":40}},"1":{"start":{"line":2,"column":13},"end":{"line":2,"column":28}},"2":{"start":{"line":4,"column":11},"end":{"line":8,"column":2}},"3":{"start":{"line":10,"column":0},"end":{"line":10,"column":19}}},"fnMap":{},"branchMap":{},"s":{"0":4,"1":4,"2":4,"3":4},"f":{},"b":{},"_coverageSchema":"1a1c01bbd47fc00a2c39e90264f33305004495a9","hash":"abb38f49fbc9c240754159320e5027c730376b42"}
,"C:\\Users\\sasha\\Documents\\code\\Week5\\Cheese-Board\\db\\seed.js": {"path":"C:\\Users\\sasha\\Documents\\code\\Week5\\Cheese-Board\\db\\seed.js","statementMap":{"0":{"start":{"line":1,"column":33},"end":{"line":1,"column":52}},"1":{"start":{"line":2,"column":11},"end":{"line":2,"column":26}},"2":{"start":{"line":6,"column":1},"end":{"line":8,"column":4}},"3":{"start":{"line":12,"column":15},"end":{"line":15,"column":3}},"4":{"start":{"line":16,"column":15},"end":{"line":19,"column":3}},"5":{"start":{"line":20,"column":15},"end":{"line":23,"column":3}},"6":{"start":{"line":26,"column":20},"end":{"line":30,"column":3}},"7":{"start":{"line":31,"column":17},"end":{"line":35,"column":3}},"8":{"start":{"line":36,"column":17},"end":{"line":40,"column":3}},"9":{"start":{"line":41,"column":19},"end":{"line":43,"column":3}},"10":{"start":{"line":46,"column":19},"end":{"line":48,"column":3}},"11":{"start":{"line":49,"column":17},"end":{"line":52,"column":3}},"12":{"start":{"line":53,"column":23},"end":{"line":57,"column":3}},"13":{"start":{"line":58,"column":22},"end":{"line":61,"column":3}},"14":{"start":{"line":62,"column":21},"end":{"line":65,"column":3}},"15":{"start":{"line":66,"column":22},"end":{"line":70,"column":3}},"16":{"start":{"line":71,"column":27},"end":{"line":75,"column":3}},"17":{"start":{"line":76,"column":26},"end":{"line":78,"column":3}},"18":{"start":{"line":81,"column":1},"end":{"line":81,"column":75}},"19":{"start":{"line":82,"column":1},"end":{"line":82,"column":59}},"20":{"start":{"line":83,"column":1},"end":{"line":83,"column":70}},"21":{"start":{"line":87,"column":0},"end":{"line":87,"column":23}}},"fnMap":{"0":{"name":"seed","decl":{"start":{"line":4,"column":15},"end":{"line":4,"column":19}},"loc":{"start":{"line":4,"column":22},"end":{"line":85,"column":1}},"line":4}},"branchMap":{},"s":{"0":4,"1":4,"2":7,"3":7,"4":7,"5":7,"6":7,"7":7,"8":7,"9":7,"10":7,"11":7,"12":7,"13":7,"14":7,"15":7,"16":7,"17":7,"18":7,"19":7,"20":7,"21":4},"f":{"0":7},"b":{},"_coverageSchema":"1a1c01bbd47fc00a2c39e90264f33305004495a9","hash":"027c596da535d191258e38438f9c539903fa9b40"}
,"C:\\Users\\sasha\\Documents\\code\\Week5\\Cheese-Board\\model\\box.model.js": {"path":"C:\\Users\\sasha\\Documents\\code\\Week5\\Cheese-Board\\model\\box.model.js","statementMap":{"0":{"start":{"line":1,"column":27},"end":{"line":1,"column":47}},"1":{"start":{"line":2,"column":11},"end":{"line":2,"column":30}},"2":{"start":{"line":6,"column":0},"end":{"line":27,"column":2}},"3":{"start":{"line":30,"column":0},"end":{"line":30,"column":20}}},"fnMap":{},"branchMap":{},"s":{"0":4,"1":4,"2":4,"3":4},"f":{},"b":{},"_coverageSchema":"1a1c01bbd47fc00a2c39e90264f33305004495a9","hash":"21b24f68a1bdb04869848cb0428d2208ca71c364"}
,"C:\\Users\\sasha\\Documents\\code\\Week5\\Cheese-Board\\model\\chocolate.model.js": {"path":"C:\\Users\\sasha\\Documents\\code\\Week5\\Cheese-Board\\model\\chocolate.model.js","statementMap":{"0":{"start":{"line":1,"column":29},"end":{"line":1,"column":49}},"1":{"start":{"line":2,"column":11},"end":{"line":2,"column":30}},"2":{"start":{"line":6,"column":0},"end":{"line":23,"column":2}},"3":{"start":{"line":25,"column":0},"end":{"line":25,"column":26}}},"fnMap":{},"branchMap":{},"s":{"0":4,"1":4,"2":4,"3":4},"f":{},"b":{},"_coverageSchema":"1a1c01bbd47fc00a2c39e90264f33305004495a9","hash":"40a515d0cc57f4bb2e07caa9d1ea1e5df6aaa3c3"}
,"C:\\Users\\sasha\\Documents\\code\\Week5\\Cheese-Board\\model\\index.js": {"path":"C:\\Users\\sasha\\Documents\\code\\Week5\\Cheese-Board\\model\\index.js","statementMap":{"0":{"start":{"line":1,"column":12},"end":{"line":1,"column":34}},"1":{"start":{"line":2,"column":18},"end":{"line":2,"column":46}},"2":{"start":{"line":3,"column":13},"end":{"line":3,"column":36}},"3":{"start":{"line":6,"column":0},"end":{"line":6,"column":18}},"4":{"start":{"line":7,"column":0},"end":{"line":7,"column":20}},"5":{"start":{"line":10,"column":0},"end":{"line":10,"column":59}},"6":{"start":{"line":11,"column":0},"end":{"line":11,"column":59}},"7":{"start":{"line":13,"column":0},"end":{"line":13,"column":42}}},"fnMap":{},"branchMap":{},"s":{"0":4,"1":4,"2":4,"3":4,"4":4,"5":4,"6":4,"7":4},"f":{},"b":{},"_coverageSchema":"1a1c01bbd47fc00a2c39e90264f33305004495a9","hash":"d60347e2893ab6f4ddad9dbe3956b67708337ae2"}
,"C:\\Users\\sasha\\Documents\\code\\Week5\\Cheese-Board\\model\\user.model.js": {"path":"C:\\Users\\sasha\\Documents\\code\\Week5\\Cheese-Board\\model\\user.model.js","statementMap":{"0":{"start":{"line":1,"column":29},"end":{"line":1,"column":49}},"1":{"start":{"line":2,"column":11},"end":{"line":2,"column":30}},"2":{"start":{"line":6,"column":0},"end":{"line":23,"column":2}},"3":{"start":{"line":25,"column":0},"end":{"line":25,"column":21}}},"fnMap":{},"branchMap":{},"s":{"0":4,"1":4,"2":4,"3":4},"f":{},"b":{},"_coverageSchema":"1a1c01bbd47fc00a2c39e90264f33305004495a9","hash":"f13968f065f8ea26270f15f738f6ac9c86d5f96d"}
}
