TN:
SF:db\db.js
FNF:0
FNH:0
DA:1,4
DA:2,4
DA:4,4
DA:10,4
LF:4
LH:4
BRF:0
BRH:0
end_of_record
TN:
SF:db\seed.js
FN:4,seed
FNF:1
FNH:1
FNDA:7,seed
DA:1,4
DA:2,4
DA:6,7
DA:12,7
DA:16,7
DA:20,7
DA:26,7
DA:31,7
DA:36,7
DA:41,7
DA:46,7
DA:49,7
DA:53,7
DA:58,7
DA:62,7
DA:66,7
DA:71,7
DA:76,7
DA:81,7
DA:82,7
DA:83,7
DA:87,4
LF:22
LH:22
BRF:0
BRH:0
end_of_record
TN:
SF:model\box.model.js
FNF:0
FNH:0
DA:1,4
DA:2,4
DA:6,4
DA:30,4
LF:4
LH:4
BRF:0
BRH:0
end_of_record
TN:
SF:model\chocolate.model.js
FNF:0
FNH:0
DA:1,4
DA:2,4
DA:6,4
DA:25,4
LF:4
LH:4
BRF:0
BRH:0
end_of_record
TN:
SF:model\index.js
FNF:0
FNH:0
DA:1,4
DA:2,4
DA:3,4
DA:6,4
DA:7,4
DA:10,4
DA:11,4
DA:13,4
LF:8
LH:8
BRF:0
BRH:0
end_of_record
TN:
SF:model\user.model.js
FNF:0
FNH:0
DA:1,4
DA:2,4
DA:6,4
DA:25,4
LF:4
LH:4
BRF:0
BRH:0
end_of_record
